=== puma startup: 2018-08-26 21:44:51 -0700 ===
[44325] * Starting control server on unix:///tmp/puma-status-1535345091430-44325
[44325] - Worker 0 (pid: 44378) booted, phase: 0
[adc8d0b8-52ab-4c64-8963-47724df49c6c] Started GET "/" for 127.0.0.1 at 2018-08-26 21:46:03 -0700
[adc8d0b8-52ab-4c64-8963-47724df49c6c] Processing by StaticPagesController#home as HTML
[adc8d0b8-52ab-4c64-8963-47724df49c6c]   Rendering static_pages/home.html.erb within layouts/application
[adc8d0b8-52ab-4c64-8963-47724df49c6c]   Rendered static_pages/home.html.erb within layouts/application (26.2ms)
[adc8d0b8-52ab-4c64-8963-47724df49c6c]   Rendered layouts/_rails_default.html.erb (4.9ms)
[adc8d0b8-52ab-4c64-8963-47724df49c6c]   Rendered layouts/_shim.html.erb (1.3ms)
[adc8d0b8-52ab-4c64-8963-47724df49c6c]   Rendered layouts/_javascripts.html.erb (0.5ms)
[adc8d0b8-52ab-4c64-8963-47724df49c6c]   Rendered layouts/_google-analytics.html.erb (0.4ms)
[adc8d0b8-52ab-4c64-8963-47724df49c6c]   Rendered layouts/_header.html.erb (16.7ms)
[adc8d0b8-52ab-4c64-8963-47724df49c6c]   Rendered layouts/_footer.html.erb (0.4ms)
[adc8d0b8-52ab-4c64-8963-47724df49c6c]   Rendered layouts/_copyright.html.erb (0.5ms)
[adc8d0b8-52ab-4c64-8963-47724df49c6c] Completed 200 OK in 97ms (Views: 83.1ms)
[aedfda66-8e69-45a3-96df-e0f1bcad43ed] Started GET "/assets/framework.css" for 127.0.0.1 at 2018-08-26 21:46:03 -0700
[768b4c99-f47c-4f42-8c53-8d81d73ad220] Started GET "/assets/bg2.jpg" for 127.0.0.1 at 2018-08-26 21:46:04 -0700
[bed263dc-4161-404c-839c-43f55be9ea4d] Started GET "/users/sign_in" for 127.0.0.1 at 2018-08-26 21:46:08 -0700
[bed263dc-4161-404c-839c-43f55be9ea4d] Processing by Devise::SessionsController#new as HTML
[bed263dc-4161-404c-839c-43f55be9ea4d]   Rendering devise/sessions/new.html.erb within layouts/application
[bed263dc-4161-404c-839c-43f55be9ea4d]   Rendered devise/shared/_links.html.erb (1.0ms)
[bed263dc-4161-404c-839c-43f55be9ea4d]   Rendered devise/sessions/new.html.erb within layouts/application (51.5ms)
[bed263dc-4161-404c-839c-43f55be9ea4d]   Rendered layouts/_rails_default.html.erb (0.3ms)
[bed263dc-4161-404c-839c-43f55be9ea4d]   Rendered layouts/_shim.html.erb (0.0ms)
[bed263dc-4161-404c-839c-43f55be9ea4d]   Rendered layouts/_javascripts.html.erb (3.8ms)
[bed263dc-4161-404c-839c-43f55be9ea4d]   Rendered layouts/_google-analytics.html.erb (0.1ms)
[bed263dc-4161-404c-839c-43f55be9ea4d]   Rendered layouts/_header.html.erb (0.7ms)
[bed263dc-4161-404c-839c-43f55be9ea4d]   Rendered layouts/_footer.html.erb (0.0ms)
[bed263dc-4161-404c-839c-43f55be9ea4d]   Rendered layouts/_copyright.html.erb (0.0ms)
[bed263dc-4161-404c-839c-43f55be9ea4d] Completed 200 OK in 101ms (Views: 65.6ms | ActiveRecord: 9.3ms)
[f9c6d00a-827e-4200-bfb0-46bf1737286a] Started GET "/users/sign_in" for 127.0.0.1 at 2018-08-26 21:46:08 -0700
[f9c6d00a-827e-4200-bfb0-46bf1737286a] Processing by Devise::SessionsController#new as */*
[f9c6d00a-827e-4200-bfb0-46bf1737286a]   Rendering devise/sessions/new.html.erb within layouts/application
[f9c6d00a-827e-4200-bfb0-46bf1737286a]   Rendered devise/shared/_links.html.erb (0.2ms)
[f9c6d00a-827e-4200-bfb0-46bf1737286a]   Rendered devise/sessions/new.html.erb within layouts/application (3.2ms)
[f9c6d00a-827e-4200-bfb0-46bf1737286a]   Rendered layouts/_rails_default.html.erb (0.3ms)
[f9c6d00a-827e-4200-bfb0-46bf1737286a]   Rendered layouts/_shim.html.erb (0.1ms)
[f9c6d00a-827e-4200-bfb0-46bf1737286a]   Rendered layouts/_javascripts.html.erb (0.1ms)
[f9c6d00a-827e-4200-bfb0-46bf1737286a]   Rendered layouts/_google-analytics.html.erb (0.0ms)
[f9c6d00a-827e-4200-bfb0-46bf1737286a]   Rendered layouts/_header.html.erb (0.5ms)
[f9c6d00a-827e-4200-bfb0-46bf1737286a]   Rendered layouts/_footer.html.erb (2.2ms)
[f9c6d00a-827e-4200-bfb0-46bf1737286a]   Rendered layouts/_copyright.html.erb (0.0ms)
[f9c6d00a-827e-4200-bfb0-46bf1737286a] Completed 200 OK in 8ms (Views: 7.7ms | ActiveRecord: 0.0ms)
[ed5ae332-fa49-4482-a416-70fdb705dbf9] Started POST "/users/sign_in" for 127.0.0.1 at 2018-08-26 21:46:15 -0700
[ed5ae332-fa49-4482-a416-70fdb705dbf9] Processing by Devise::SessionsController#create as HTML
[ed5ae332-fa49-4482-a416-70fdb705dbf9]   Parameters: {"utf8"=>"✓", "authenticity_token"=>"+gPi/BybFrA4XnJ5CEcGuHSE9vucQAo4DDX54qBW3V85LTtCbiezLp50+D0c+zIm9n+W65M4MJxkG3ldUIfgCA==", "user"=>{"email"=>"admin@timelessapps.com", "password"=>"[FILTERED]", "remember_me"=>"0"}, "commit"=>"Log in"}
[ed5ae332-fa49-4482-a416-70fdb705dbf9]   [1m[36mUser Load (3.9ms)[0m  [1m[34mSELECT  "users".* FROM "users" WHERE "users"."email" = $1 ORDER BY "users"."id" ASC LIMIT $2[0m  [["email", "admin@timelessapps.com"], ["LIMIT", 1]]
[ed5ae332-fa49-4482-a416-70fdb705dbf9]   [1m[35m (0.1ms)[0m  [1m[35mBEGIN[0m
[ed5ae332-fa49-4482-a416-70fdb705dbf9]   [1m[35mSQL (0.4ms)[0m  [1m[33mUPDATE "users" SET "current_sign_in_at" = $1, "last_sign_in_at" = $2, "current_sign_in_ip" = $3, "last_sign_in_ip" = $4, "sign_in_count" = $5, "updated_at" = $6 WHERE "users"."id" = $7[0m  [["current_sign_in_at", 2018-08-27 04:46:16 UTC], ["last_sign_in_at", 2018-08-27 04:46:16 UTC], ["current_sign_in_ip", "127.0.0.1/32"], ["last_sign_in_ip", "127.0.0.1/32"], ["sign_in_count", 1], ["updated_at", 2018-08-27 04:46:16 UTC], ["id", 1]]
[ed5ae332-fa49-4482-a416-70fdb705dbf9]   [1m[35m (2.4ms)[0m  [1m[35mCOMMIT[0m
[ed5ae332-fa49-4482-a416-70fdb705dbf9] Redirected to http://localhost/
[ed5ae332-fa49-4482-a416-70fdb705dbf9] Completed 302 Found in 263ms (ActiveRecord: 6.9ms)
[f3b0fb20-05d4-4d44-9326-56cfe6ce142e] Started GET "/" for 127.0.0.1 at 2018-08-26 21:46:16 -0700
[f3b0fb20-05d4-4d44-9326-56cfe6ce142e] Processing by StaticPagesController#home as HTML
[f3b0fb20-05d4-4d44-9326-56cfe6ce142e]   Rendering static_pages/home.html.erb within layouts/application
[f3b0fb20-05d4-4d44-9326-56cfe6ce142e]   Rendered static_pages/home.html.erb within layouts/application (1.0ms)
[f3b0fb20-05d4-4d44-9326-56cfe6ce142e]   Rendered layouts/_rails_default.html.erb (0.3ms)
[f3b0fb20-05d4-4d44-9326-56cfe6ce142e]   Rendered layouts/_shim.html.erb (0.0ms)
[f3b0fb20-05d4-4d44-9326-56cfe6ce142e]   Rendered layouts/_javascripts.html.erb (0.1ms)
[f3b0fb20-05d4-4d44-9326-56cfe6ce142e]   Rendered layouts/_google-analytics.html.erb (0.0ms)
[f3b0fb20-05d4-4d44-9326-56cfe6ce142e]   [1m[36mUser Load (0.3ms)[0m  [1m[34mSELECT  "users".* FROM "users" WHERE "users"."id" = $1 ORDER BY "users"."id" ASC LIMIT $2[0m  [["id", 1], ["LIMIT", 1]]
[f3b0fb20-05d4-4d44-9326-56cfe6ce142e]   Rendered layouts/_header.html.erb (3.7ms)
[f3b0fb20-05d4-4d44-9326-56cfe6ce142e]   Rendered layouts/_footer.html.erb (0.0ms)
[f3b0fb20-05d4-4d44-9326-56cfe6ce142e]   Rendered layouts/_copyright.html.erb (0.0ms)
[f3b0fb20-05d4-4d44-9326-56cfe6ce142e] Completed 200 OK in 12ms (Views: 10.8ms | ActiveRecord: 0.3ms)
[4e50c74b-36fe-4b33-99cd-2f045a67768a] Started GET "/assets/framework.css" for 127.0.0.1 at 2018-08-26 21:46:16 -0700
[4e6ede7d-cba7-4440-9217-5c1fa46256bf] Started GET "/assets/bg2.jpg" for 127.0.0.1 at 2018-08-26 21:46:16 -0700
[ce1977fc-22cb-455a-856c-5308377af9f4] Started GET "/" for 127.0.0.1 at 2018-08-26 21:46:18 -0700
[ce1977fc-22cb-455a-856c-5308377af9f4] Processing by StaticPagesController#home as HTML
[ce1977fc-22cb-455a-856c-5308377af9f4]   Rendering static_pages/home.html.erb within layouts/application
[ce1977fc-22cb-455a-856c-5308377af9f4]   Rendered static_pages/home.html.erb within layouts/application (0.9ms)
[ce1977fc-22cb-455a-856c-5308377af9f4]   Rendered layouts/_rails_default.html.erb (0.4ms)
[ce1977fc-22cb-455a-856c-5308377af9f4]   Rendered layouts/_shim.html.erb (0.0ms)
[ce1977fc-22cb-455a-856c-5308377af9f4]   Rendered layouts/_javascripts.html.erb (0.1ms)
[ce1977fc-22cb-455a-856c-5308377af9f4]   Rendered layouts/_google-analytics.html.erb (0.0ms)
[ce1977fc-22cb-455a-856c-5308377af9f4]   [1m[36mUser Load (0.4ms)[0m  [1m[34mSELECT  "users".* FROM "users" WHERE "users"."id" = $1 ORDER BY "users"."id" ASC LIMIT $2[0m  [["id", 1], ["LIMIT", 1]]
[ce1977fc-22cb-455a-856c-5308377af9f4]   Rendered layouts/_header.html.erb (4.6ms)
[ce1977fc-22cb-455a-856c-5308377af9f4]   Rendered layouts/_footer.html.erb (0.0ms)
[ce1977fc-22cb-455a-856c-5308377af9f4]   Rendered layouts/_copyright.html.erb (0.0ms)
[ce1977fc-22cb-455a-856c-5308377af9f4] Completed 200 OK in 8ms (Views: 6.7ms | ActiveRecord: 0.4ms)
[b1ef2420-db1a-4a76-b583-9655db32b254] Started DELETE "/users/sign_out" for 127.0.0.1 at 2018-08-26 21:46:20 -0700
[b1ef2420-db1a-4a76-b583-9655db32b254] Processing by Devise::SessionsController#destroy as HTML
[b1ef2420-db1a-4a76-b583-9655db32b254]   Parameters: {"authenticity_token"=>"HnMgL4oRucBJeD7z59sKmugyg33t88jjV3X7bRZ9cqwVP/7yShI3aIgUv6/K6nSJZeQw+xvU0lBmMIFHJy/cBg=="}
[b1ef2420-db1a-4a76-b583-9655db32b254]   [1m[36mUser Load (0.3ms)[0m  [1m[34mSELECT  "users".* FROM "users" WHERE "users"."id" = $1 ORDER BY "users"."id" ASC LIMIT $2[0m  [["id", 1], ["LIMIT", 1]]
[b1ef2420-db1a-4a76-b583-9655db32b254]   [1m[35m (0.1ms)[0m  [1m[35mBEGIN[0m
[b1ef2420-db1a-4a76-b583-9655db32b254]   [1m[35m (0.1ms)[0m  [1m[35mCOMMIT[0m
[b1ef2420-db1a-4a76-b583-9655db32b254] Redirected to http://localhost/
[b1ef2420-db1a-4a76-b583-9655db32b254] Completed 302 Found in 8ms (ActiveRecord: 0.5ms)
[d8bdb305-d909-4b28-9120-da08319c9478] Started GET "/" for 127.0.0.1 at 2018-08-26 21:46:20 -0700
[d8bdb305-d909-4b28-9120-da08319c9478] Processing by StaticPagesController#home as HTML
[d8bdb305-d909-4b28-9120-da08319c9478]   Rendering static_pages/home.html.erb within layouts/application
[d8bdb305-d909-4b28-9120-da08319c9478]   Rendered static_pages/home.html.erb within layouts/application (0.8ms)
[d8bdb305-d909-4b28-9120-da08319c9478]   Rendered layouts/_rails_default.html.erb (0.3ms)
[d8bdb305-d909-4b28-9120-da08319c9478]   Rendered layouts/_shim.html.erb (0.0ms)
[d8bdb305-d909-4b28-9120-da08319c9478]   Rendered layouts/_javascripts.html.erb (1.8ms)
[d8bdb305-d909-4b28-9120-da08319c9478]   Rendered layouts/_google-analytics.html.erb (0.0ms)
[d8bdb305-d909-4b28-9120-da08319c9478]   Rendered layouts/_header.html.erb (0.6ms)
[d8bdb305-d909-4b28-9120-da08319c9478]   Rendered layouts/_footer.html.erb (0.0ms)
[d8bdb305-d909-4b28-9120-da08319c9478]   Rendered layouts/_copyright.html.erb (0.0ms)
[d8bdb305-d909-4b28-9120-da08319c9478] Completed 200 OK in 5ms (Views: 4.8ms | ActiveRecord: 0.0ms)
[c5b2f557-9b29-4b5b-8c79-b06cadfc3991] Started GET "/assets/framework.css" for 127.0.0.1 at 2018-08-26 21:46:20 -0700
[05bbd03a-4514-44d9-9719-ab457a0d67f5] Started GET "/assets/bg2.jpg" for 127.0.0.1 at 2018-08-26 21:46:20 -0700
[8b30ac36-add4-407e-a2a5-0698095d20fc] Started GET "/users/sign_in" for 127.0.0.1 at 2018-08-26 21:46:22 -0700
[8b30ac36-add4-407e-a2a5-0698095d20fc] Processing by Devise::SessionsController#new as HTML
[8b30ac36-add4-407e-a2a5-0698095d20fc]   Rendering devise/sessions/new.html.erb within layouts/application
[8b30ac36-add4-407e-a2a5-0698095d20fc]   Rendered devise/shared/_links.html.erb (0.3ms)
[8b30ac36-add4-407e-a2a5-0698095d20fc]   Rendered devise/sessions/new.html.erb within layouts/application (6.1ms)
[8b30ac36-add4-407e-a2a5-0698095d20fc]   Rendered layouts/_rails_default.html.erb (0.4ms)
[8b30ac36-add4-407e-a2a5-0698095d20fc]   Rendered layouts/_shim.html.erb (0.0ms)
[8b30ac36-add4-407e-a2a5-0698095d20fc]   Rendered layouts/_javascripts.html.erb (0.1ms)
[8b30ac36-add4-407e-a2a5-0698095d20fc]   Rendered layouts/_google-analytics.html.erb (0.0ms)
[8b30ac36-add4-407e-a2a5-0698095d20fc]   Rendered layouts/_header.html.erb (2.8ms)
[8b30ac36-add4-407e-a2a5-0698095d20fc]   Rendered layouts/_footer.html.erb (0.0ms)
[8b30ac36-add4-407e-a2a5-0698095d20fc]   Rendered layouts/_copyright.html.erb (0.0ms)
[8b30ac36-add4-407e-a2a5-0698095d20fc] Completed 200 OK in 12ms (Views: 10.7ms | ActiveRecord: 0.0ms)
[de5336ae-12a1-4efa-a54a-4d8271a0b1dd] Started GET "/users/sign_in" for 127.0.0.1 at 2018-08-26 21:46:22 -0700
[de5336ae-12a1-4efa-a54a-4d8271a0b1dd] Processing by Devise::SessionsController#new as */*
[de5336ae-12a1-4efa-a54a-4d8271a0b1dd]   Rendering devise/sessions/new.html.erb within layouts/application
[de5336ae-12a1-4efa-a54a-4d8271a0b1dd]   Rendered devise/shared/_links.html.erb (1.9ms)
[de5336ae-12a1-4efa-a54a-4d8271a0b1dd]   Rendered devise/sessions/new.html.erb within layouts/application (7.4ms)
[de5336ae-12a1-4efa-a54a-4d8271a0b1dd]   Rendered layouts/_rails_default.html.erb (0.5ms)
[de5336ae-12a1-4efa-a54a-4d8271a0b1dd]   Rendered layouts/_shim.html.erb (0.0ms)
[de5336ae-12a1-4efa-a54a-4d8271a0b1dd]   Rendered layouts/_javascripts.html.erb (0.1ms)
[de5336ae-12a1-4efa-a54a-4d8271a0b1dd]   Rendered layouts/_google-analytics.html.erb (0.0ms)
[de5336ae-12a1-4efa-a54a-4d8271a0b1dd]   Rendered layouts/_header.html.erb (0.6ms)
[de5336ae-12a1-4efa-a54a-4d8271a0b1dd]   Rendered layouts/_footer.html.erb (0.0ms)
[de5336ae-12a1-4efa-a54a-4d8271a0b1dd]   Rendered layouts/_copyright.html.erb (0.0ms)
[de5336ae-12a1-4efa-a54a-4d8271a0b1dd] Completed 200 OK in 11ms (Views: 10.0ms | ActiveRecord: 0.0ms)
[c5bcc393-ee7b-429c-94ac-7c86e4093d18] Started GET "/users/password/new" for 127.0.0.1 at 2018-08-26 21:46:26 -0700
[c5bcc393-ee7b-429c-94ac-7c86e4093d18] Processing by Devise::PasswordsController#new as HTML
[c5bcc393-ee7b-429c-94ac-7c86e4093d18]   Rendering devise/passwords/new.html.erb within layouts/application
[c5bcc393-ee7b-429c-94ac-7c86e4093d18]   Rendered devise/shared/_links.html.erb (0.3ms)
[c5bcc393-ee7b-429c-94ac-7c86e4093d18]   Rendered devise/passwords/new.html.erb within layouts/application (2.9ms)
[c5bcc393-ee7b-429c-94ac-7c86e4093d18]   Rendered layouts/_rails_default.html.erb (0.6ms)
[c5bcc393-ee7b-429c-94ac-7c86e4093d18]   Rendered layouts/_shim.html.erb (0.0ms)
[c5bcc393-ee7b-429c-94ac-7c86e4093d18]   Rendered layouts/_javascripts.html.erb (0.1ms)
[c5bcc393-ee7b-429c-94ac-7c86e4093d18]   Rendered layouts/_google-analytics.html.erb (0.0ms)
[c5bcc393-ee7b-429c-94ac-7c86e4093d18]   Rendered layouts/_header.html.erb (0.7ms)
[c5bcc393-ee7b-429c-94ac-7c86e4093d18]   Rendered layouts/_footer.html.erb (0.1ms)
[c5bcc393-ee7b-429c-94ac-7c86e4093d18]   Rendered layouts/_copyright.html.erb (0.0ms)
[c5bcc393-ee7b-429c-94ac-7c86e4093d18] Completed 200 OK in 15ms (Views: 14.1ms | ActiveRecord: 0.0ms)
[6d0b37a0-b1d8-4a7d-8406-b6ae1a973496] Started POST "/users/password" for 127.0.0.1 at 2018-08-26 21:46:28 -0700
[6d0b37a0-b1d8-4a7d-8406-b6ae1a973496] Processing by Devise::PasswordsController#create as HTML
[6d0b37a0-b1d8-4a7d-8406-b6ae1a973496]   Parameters: {"utf8"=>"✓", "authenticity_token"=>"pfgvQdnfVteua6FWj6V5vCxsVsaPZ5tGXBFr3JVZdyfresAg/jTLknR2NiU7ZUiO5V9FS6z0lsb3XeAm7E9QYA==", "user"=>{"email"=>"admin@timelessapps.com"}, "commit"=>"Send me reset password instructions"}
[6d0b37a0-b1d8-4a7d-8406-b6ae1a973496]   [1m[36mUser Load (0.4ms)[0m  [1m[34mSELECT  "users".* FROM "users" WHERE "users"."email" = $1 ORDER BY "users"."id" ASC LIMIT $2[0m  [["email", "admin@timelessapps.com"], ["LIMIT", 1]]
[6d0b37a0-b1d8-4a7d-8406-b6ae1a973496]   [1m[36mUser Load (0.4ms)[0m  [1m[34mSELECT  "users".* FROM "users" WHERE "users"."reset_password_token" = $1 ORDER BY "users"."id" ASC LIMIT $2[0m  [["reset_password_token", "94c14c4d0747c539e311639b5fd27733322e78954bf23787425d66a4974bd4d2"], ["LIMIT", 1]]
[6d0b37a0-b1d8-4a7d-8406-b6ae1a973496]   [1m[35m (0.1ms)[0m  [1m[35mBEGIN[0m
[6d0b37a0-b1d8-4a7d-8406-b6ae1a973496]   [1m[35mSQL (0.4ms)[0m  [1m[33mUPDATE "users" SET "reset_password_token" = $1, "reset_password_sent_at" = $2, "updated_at" = $3 WHERE "users"."id" = $4[0m  [["reset_password_token", "94c14c4d0747c539e311639b5fd27733322e78954bf23787425d66a4974bd4d2"], ["reset_password_sent_at", 2018-08-27 04:46:28 UTC], ["updated_at", 2018-08-27 04:46:28 UTC], ["id", 1]]
[6d0b37a0-b1d8-4a7d-8406-b6ae1a973496]   [1m[35m (2.3ms)[0m  [1m[35mCOMMIT[0m
[6d0b37a0-b1d8-4a7d-8406-b6ae1a973496]   Rendering devise/mailer/reset_password_instructions.html.erb
[6d0b37a0-b1d8-4a7d-8406-b6ae1a973496]   Rendered devise/mailer/reset_password_instructions.html.erb (11.2ms)
[6d0b37a0-b1d8-4a7d-8406-b6ae1a973496] Devise::Mailer#reset_password_instructions: processed outbound mail in 340.5ms
[6d0b37a0-b1d8-4a7d-8406-b6ae1a973496] Sent mail to admin@timelessapps.com (1132.8ms)
[6d0b37a0-b1d8-4a7d-8406-b6ae1a973496] Date: Sun, 26 Aug 2018 21:46:29 -0700
From: support@timelessapps.com
Reply-To: support@timelessapps.com
To: admin@timelessapps.com
Message-ID: <5b83822525e9b_ad5a3fb5c0abff0885571@ubuntu.mail>
Subject: Reset password instructions
Mime-Version: 1.0
Content-Type: text/html;
 charset=UTF-8
Content-Transfer-Encoding: 7bit

<p>Hello admin@timelessapps.com!</p>

<p>Someone has requested a link to change your password. You can do this through the link below.</p>

<p><a href="http://www.timelessapps.com/users/password/edit?reset_password_token=jauz6Nh8Yxd_us97f_-d">Change my password</a></p>

<p>If you didn't request this, please ignore this email.</p>
<p>Your password won't change until you access the link above and create a new one.</p>

[6d0b37a0-b1d8-4a7d-8406-b6ae1a973496] Redirected to http://localhost/users/sign_in
[6d0b37a0-b1d8-4a7d-8406-b6ae1a973496] Completed 302 Found in 1711ms (ActiveRecord: 3.6ms)
[052af33c-9bbd-476d-a70e-75803cca2d07] Started GET "/users/sign_in" for 127.0.0.1 at 2018-08-26 21:46:30 -0700
[052af33c-9bbd-476d-a70e-75803cca2d07] Processing by Devise::SessionsController#new as HTML
[052af33c-9bbd-476d-a70e-75803cca2d07]   Rendering devise/sessions/new.html.erb within layouts/application
[052af33c-9bbd-476d-a70e-75803cca2d07]   Rendered devise/shared/_links.html.erb (0.2ms)
[052af33c-9bbd-476d-a70e-75803cca2d07]   Rendered devise/sessions/new.html.erb within layouts/application (4.3ms)
[052af33c-9bbd-476d-a70e-75803cca2d07]   Rendered layouts/_rails_default.html.erb (0.3ms)
[052af33c-9bbd-476d-a70e-75803cca2d07]   Rendered layouts/_shim.html.erb (0.1ms)
[052af33c-9bbd-476d-a70e-75803cca2d07]   Rendered layouts/_javascripts.html.erb (0.2ms)
[052af33c-9bbd-476d-a70e-75803cca2d07]   Rendered layouts/_google-analytics.html.erb (0.0ms)
[052af33c-9bbd-476d-a70e-75803cca2d07]   Rendered layouts/_header.html.erb (1.9ms)
[052af33c-9bbd-476d-a70e-75803cca2d07]   Rendered layouts/_footer.html.erb (0.0ms)
[052af33c-9bbd-476d-a70e-75803cca2d07]   Rendered layouts/_copyright.html.erb (0.0ms)
[052af33c-9bbd-476d-a70e-75803cca2d07] Completed 200 OK in 12ms (Views: 10.8ms | ActiveRecord: 0.0ms)
[598b1423-995e-40ae-a5a4-5e0b1e5ca95a] Started GET "/assets/framework.css" for 127.0.0.1 at 2018-08-26 21:46:30 -0700
[9b2162bc-8070-45f2-bd3e-b020bccc5b9a] Started GET "/users/sign_in" for 127.0.0.1 at 2018-08-26 21:46:30 -0700
[9b2162bc-8070-45f2-bd3e-b020bccc5b9a] Processing by Devise::SessionsController#new as */*
[9b2162bc-8070-45f2-bd3e-b020bccc5b9a]   Rendering devise/sessions/new.html.erb within layouts/application
[9b2162bc-8070-45f2-bd3e-b020bccc5b9a]   Rendered devise/shared/_links.html.erb (0.3ms)
[9b2162bc-8070-45f2-bd3e-b020bccc5b9a]   Rendered devise/sessions/new.html.erb within layouts/application (3.2ms)
[9b2162bc-8070-45f2-bd3e-b020bccc5b9a]   Rendered layouts/_rails_default.html.erb (4.8ms)
[9b2162bc-8070-45f2-bd3e-b020bccc5b9a]   Rendered layouts/_shim.html.erb (0.0ms)
[9b2162bc-8070-45f2-bd3e-b020bccc5b9a]   Rendered layouts/_javascripts.html.erb (0.1ms)
[9b2162bc-8070-45f2-bd3e-b020bccc5b9a]   Rendered layouts/_google-analytics.html.erb (0.0ms)
[9b2162bc-8070-45f2-bd3e-b020bccc5b9a]   Rendered layouts/_header.html.erb (0.6ms)
[9b2162bc-8070-45f2-bd3e-b020bccc5b9a]   Rendered layouts/_footer.html.erb (0.0ms)
[9b2162bc-8070-45f2-bd3e-b020bccc5b9a]   Rendered layouts/_copyright.html.erb (0.0ms)
[9b2162bc-8070-45f2-bd3e-b020bccc5b9a] Completed 200 OK in 11ms (Views: 10.0ms | ActiveRecord: 0.0ms)
